<?xml version="1.0" encoding="UTF-8"?>
<!-- Generated by org.testng.reporters.JUnitXMLReporter -->
<testsuite ignored="2" hostname="LAPTOP-2JP0SKFR" failures="0" tests="2" name="Test" time="0.044" errors="0" timestamp="2024-02-21T09:14:01 IST">
  <testcase classname="testngpkg.Grouping" name="test1" time="0.007"/>
  <testcase classname="testngpkg.Grouping" name="test2" time="0.002"/>
  <testcase classname="testngpkg.Grouping" name="test3" time="0.0">
    <ignored/>
  </testcase> <!-- test3 -->
  <testcase classname="testngpkg.Grouping" name="test4" time="0.0">
    <ignored/>
  </testcase> <!-- test4 -->
</testsuite> <!-- Test -->
