<?xml version="1.0" encoding="UTF-8"?>
<testng-results ignored="0" total="1" passed="1" failed="0" skipped="0">
  <reporter-output>
  </reporter-output>
  <suite started-at="2024-03-06T10:57:45 IST" name="Default suite" finished-at="2024-03-06T10:57:49 IST" duration-ms="4794">
    <groups>
    </groups>
    <test started-at="2024-03-06T10:57:45 IST" name="Default test" finished-at="2024-03-06T10:57:49 IST" duration-ms="4794">
      <class name="textpkg.Fbtestclick">
        <test-method is-config="true" signature="setup()[pri:0, instance:textpkg.Fbtestclick@5e600dd5]" started-at="2024-03-06T10:57:45 IST" name="setup" finished-at="2024-03-06T10:57:47 IST" duration-ms="2527" status="PASS">
          <reporter-output>
          </reporter-output>
        </test-method> <!-- setup -->
        <test-method signature="test()[pri:0, instance:textpkg.Fbtestclick@5e600dd5]" started-at="2024-03-06T10:57:47 IST" name="test" finished-at="2024-03-06T10:57:49 IST" duration-ms="2207" status="PASS">
          <reporter-output>
          </reporter-output>
        </test-method> <!-- test -->
      </class> <!-- textpkg.Fbtestclick -->
    </test> <!-- Default test -->
  </suite> <!-- Default suite -->
</testng-results>
